<?xml version="1.0" encoding="UTF-8"?>
<!-- Generated by org.testng.reporters.JUnitXMLReporter -->
<testsuite ignored="0" hostname="DESKTOP-B00HB2D" failures="0" tests="1" name="Test-Firefox" time="114.032" errors="0" timestamp="2025-05-09T13:52:23 IST">
  <testcase classname="com.amazon.seleniumgrid.ParallelExecution" name="testParallelExecution" time="113.844"/>
</testsuite> <!-- Test-Firefox -->
