<?xml version="1.0" encoding="UTF-8"?>
<!-- Generated by org.testng.reporters.JUnitReportReporter -->
<testsuite hostname="DESKTOP-B00HB2D" failures="0" tests="1" name="com.amazon.seleniumgrid.SeleniumGridSetup" time="80.934" errors="0" timestamp="2025-05-09T12:40:41 IST" skipped="0">
  <testcase classname="com.amazon.seleniumgrid.SeleniumGridSetup" name="testSetup" time="80.934"/>
</testsuite> <!-- com.amazon.seleniumgrid.SeleniumGridSetup -->
